0 info it worked if it ends with ok
1 verbose cli [ '/usr/bin/nodejs', '/usr/bin/npm', 'run', 'production' ]
2 info using npm@4.1.2
3 info using node@v7.7.1
4 verbose run-script [ 'preproduction', 'production', 'postproduction' ]
5 info lifecycle mean-lineman@1.0.0~preproduction: mean-lineman@1.0.0
6 silly lifecycle mean-lineman@1.0.0~preproduction: no script for preproduction, continuing
7 info lifecycle mean-lineman@1.0.0~production: mean-lineman@1.0.0
8 verbose lifecycle mean-lineman@1.0.0~production: unsafe-perm in lifecycle true
9 verbose lifecycle mean-lineman@1.0.0~production: PATH: /usr/lib/node_modules/npm/bin/node-gyp-bin:/home/wilder/Vidéos/la-loupe-0217-checkpoint-2/node_modules/.bin:/home/wilder/.rvm/gems/ruby-2.4.0/bin:/home/wilder/.rvm/gems/ruby-2.4.0@global/bin:/home/wilder/.rvm/rubies/ruby-2.4.0/bin:/home/wilder/bin:/home/wilder/.local/bin:/home/wilder/bin:/home/wilder/.local/bin:/usr/local/sbin:/usr/local/bin:/usr/sbin:/usr/bin:/sbin:/bin:/usr/games:/usr/local/games:/snap/bin:/home/wilder/.rvm/bin:/snap/bin:/home/wilder/.rvm/bin:/home/wilder/.npm-global/bin:/home/wilder/.rvm/bin
10 verbose lifecycle mean-lineman@1.0.0~production: CWD: /home/wilder/Vidéos/la-loupe-0217-checkpoint-2
11 silly lifecycle mean-lineman@1.0.0~production: Args: [ '-c', 'lineman clean build && node production.js' ]
12 silly lifecycle mean-lineman@1.0.0~production: Returned: code: 1  signal: null
13 info lifecycle mean-lineman@1.0.0~production: Failed to exec production script
14 verbose stack Error: mean-lineman@1.0.0 production: `lineman clean build && node production.js`
14 verbose stack Exit status 1
14 verbose stack     at EventEmitter.<anonymous> (/usr/lib/node_modules/npm/lib/utils/lifecycle.js:279:16)
14 verbose stack     at emitTwo (events.js:106:13)
14 verbose stack     at EventEmitter.emit (events.js:194:7)
14 verbose stack     at ChildProcess.<anonymous> (/usr/lib/node_modules/npm/lib/utils/spawn.js:40:14)
14 verbose stack     at emitTwo (events.js:106:13)
14 verbose stack     at ChildProcess.emit (events.js:194:7)
14 verbose stack     at maybeClose (internal/child_process.js:899:16)
14 verbose stack     at Process.ChildProcess._handle.onexit (internal/child_process.js:226:5)
15 verbose pkgid mean-lineman@1.0.0
16 verbose cwd /home/wilder/Vidéos/la-loupe-0217-checkpoint-2
17 error Linux 4.4.0-72-generic
18 error argv "/usr/bin/nodejs" "/usr/bin/npm" "run" "production"
19 error node v7.7.1
20 error npm  v4.1.2
21 error code ELIFECYCLE
22 error mean-lineman@1.0.0 production: `lineman clean build && node production.js`
22 error Exit status 1
23 error Failed at the mean-lineman@1.0.0 production script 'lineman clean build && node production.js'.
23 error Make sure you have the latest version of node.js and npm installed.
23 error If you do, this is most likely a problem with the mean-lineman package,
23 error not with npm itself.
23 error Tell the author that this fails on your system:
23 error     lineman clean build && node production.js
23 error You can get information on how to open an issue for this project with:
23 error     npm bugs mean-lineman
23 error Or if that isn't available, you can get their info via:
23 error     npm owner ls mean-lineman
23 error There is likely additional logging output above.
24 verbose exit [ 1, true ]
